Arguments: 
  C:\Program Files\nodejs\node.exe C:\Users\WILTHA\AppData\Roaming\npm\node_modules\yarn\bin\yarn.js add @fortawesome/free-re

PATH: 
  C:\ProgramData\Oracle\Java\javapath;C:\Program Files (x86)\NVIDIA Corporation\PhysX\Common;C:\Program Files (x86)\Common Files\Intel\Shared Libraries\redist\intel64_win\compiler;C:\Program Files (x86)\Common Files\Intel\Shared Libraries\redist\ia32_win\compiler;C:\WINDOWS\system32;C:\WINDOWS;C:\WINDOWS\System32\Wbem;C:\WINDOWS\System32\WindowsPowerShell\v1.0\;C:\WINDOWS\System32\OpenSSH\;C:\Program Files\dotnet\;C:\Program Files\Microsoft SQL Server\130\Tools\Binn\;C:\xampp\php;C:\Program Files\Git\cmd;G:\Microsoft VS Code\Code.exe;G:\Microsoft VS Code\bin;G:\Microsoft VS Code\;C:\Program Files\nodejs\;C:\Users\WILTHA\AppData\Local\Microsoft\WindowsApps;G:\Microsoft VS Code\bin;C:\Program Files\Inkscape\bin;C:\Users\WILTHA\AppData\Roaming\npm;C:\Program Files\mongosh\

Yarn version: 
  1.22.19

Node version: 
  16.15.0

Platform: 
  win32 x64

Trace: 
  Error: https://registry.yarnpkg.com/@fortawesome%2ffree-re: Not found
      at Request.params.callback [as _callback] (C:\Users\WILTHA\AppData\Roaming\npm\node_modules\yarn\lib\cli.js:66145:18)
      at Request.self.callback (C:\Users\WILTHA\AppData\Roaming\npm\node_modules\yarn\lib\cli.js:140890:22)
      at Request.emit (node:events:527:28)
      at Request.<anonymous> (C:\Users\WILTHA\AppData\Roaming\npm\node_modules\yarn\lib\cli.js:141862:10)
      at Request.emit (node:events:527:28)
      at IncomingMessage.<anonymous> (C:\Users\WILTHA\AppData\Roaming\npm\node_modules\yarn\lib\cli.js:141784:12)
      at Object.onceWrapper (node:events:641:28)
      at IncomingMessage.emit (node:events:539:35)
      at endReadableNT (node:internal/streams/readable:1345:12)
      at processTicksAndRejections (node:internal/process/task_queues:83:21)

npm manifest: 
  {
    "dependencies": {
      "react-hook-form": "^7.33.1"
    }
  }

yarn manifest: 
  No manifest

Lockfile: 
  No lockfile
